2021-07-20 10:45:27,324 DEBUG [main] InternalLoggerFactory:53 - Using Log4J as the default logging framework
2021-07-20 10:45:27,333 DEBUG [main] ResourceLeakDetector:130 - -Dio.netty.leakDetection.level: simple
2021-07-20 10:45:27,333 DEBUG [main] ResourceLeakDetector:131 - -Dio.netty.leakDetection.targetRecords: 4
2021-07-20 10:45:27,338 DEBUG [main] ResourceLeakDetectorFactory:195 - Loaded default ResourceLeakDetector: io.netty.util.ResourceLeakDetector@41382722
2021-07-20 10:45:27,360 DEBUG [main] PlatformDependent:1003 - Platform: Windows
2021-07-20 10:45:27,361 DEBUG [main] PlatformDependent0:396 - -Dio.netty.noUnsafe: false
2021-07-20 10:45:27,362 DEBUG [main] PlatformDependent0:852 - Java version: 15
2021-07-20 10:45:27,363 DEBUG [main] PlatformDependent0:121 - sun.misc.Unsafe.theUnsafe: available
2021-07-20 10:45:27,364 DEBUG [main] PlatformDependent0:145 - sun.misc.Unsafe.copyMemory: available
2021-07-20 10:45:27,364 DEBUG [main] PlatformDependent0:183 - java.nio.Buffer.address: available
2021-07-20 10:45:27,366 DEBUG [main] PlatformDependent0:253 - direct buffer constructor: unavailable
java.lang.UnsupportedOperationException: Reflective setAccessible(true) disabled
	at io.netty.util.internal.ReflectionUtil.trySetAccessible(ReflectionUtil.java:31)
	at io.netty.util.internal.PlatformDependent0$4.run(PlatformDependent0.java:225)
	at java.base/java.security.AccessController.doPrivileged(AccessController.java:312)
	at io.netty.util.internal.PlatformDependent0.<clinit>(PlatformDependent0.java:219)
	at io.netty.util.internal.PlatformDependent.isAndroid(PlatformDependent.java:289)
	at io.netty.util.internal.PlatformDependent.<clinit>(PlatformDependent.java:92)
	at io.netty.util.HashedWheelTimer.<init>(HashedWheelTimer.java:109)
	at io.netty.util.HashedWheelTimer.<init>(HashedWheelTimer.java:218)
	at io.netty.util.HashedWheelTimer.<init>(HashedWheelTimer.java:197)
	at io.netty.util.HashedWheelTimer.<init>(HashedWheelTimer.java:179)
	at io.netty.util.HashedWheelTimer.<init>(HashedWheelTimer.java:163)
	at org.asynchttpclient.DefaultAsyncHttpClient.newNettyTimer(DefaultAsyncHttpClient.java:97)
	at org.asynchttpclient.DefaultAsyncHttpClient.<init>(DefaultAsyncHttpClient.java:87)
	at org.asynchttpclient.DefaultAsyncHttpClient.<init>(DefaultAsyncHttpClient.java:71)
	at org.asynchttpclient.Dsl.asyncHttpClient(Dsl.java:28)
	at org.openqa.selenium.remote.http.netty.NettyClient.<clinit>(NettyClient.java:35)
	at org.openqa.selenium.remote.http.netty.NettyClient$Factory.createClient(NettyClient.java:76)
	at org.openqa.selenium.remote.http.HttpClient$Factory.createClient(HttpClient.java:71)
	at org.openqa.selenium.remote.HttpCommandExecutor.<init>(HttpCommandExecutor.java:90)
	at org.openqa.selenium.remote.HttpCommandExecutor.<init>(HttpCommandExecutor.java:73)
	at org.openqa.selenium.remote.service.DriverCommandExecutor.<init>(DriverCommandExecutor.java:63)
	at org.openqa.selenium.chromium.ChromiumDriverCommandExecutor.<init>(ChromiumDriverCommandExecutor.java:66)
	at org.openqa.selenium.chrome.ChromeDriver.<init>(ChromeDriver.java:163)
	at org.openqa.selenium.chrome.ChromeDriver.<init>(ChromeDriver.java:150)
	at org.openqa.selenium.chrome.ChromeDriver.<init>(ChromeDriver.java:105)
	at com.selenium.actions.GeneralSeleniumActions.launchBrowser(GeneralSeleniumActions.java:57)
	at com.operacloud.selenium.actions.extensions.OperaCloudSeleniumActions.startReport(OperaCloudSeleniumActions.java:47)
	at java.base/jdk.internal.reflect.NativeMethodAccessorImpl.invoke0(Native Method)
	at java.base/jdk.internal.reflect.NativeMethodAccessorImpl.invoke(NativeMethodAccessorImpl.java:64)
	at java.base/jdk.internal.reflect.DelegatingMethodAccessorImpl.invoke(DelegatingMethodAccessorImpl.java:43)
	at java.base/java.lang.reflect.Method.invoke(Method.java:564)
	at org.testng.internal.MethodInvocationHelper.invokeMethod(MethodInvocationHelper.java:132)
	at org.testng.internal.MethodInvocationHelper.invokeMethodConsideringTimeout(MethodInvocationHelper.java:61)
	at org.testng.internal.ConfigInvoker.invokeConfigurationMethod(ConfigInvoker.java:366)
	at org.testng.internal.ConfigInvoker.invokeConfigurations(ConfigInvoker.java:320)
	at org.testng.SuiteRunner.privateRun(SuiteRunner.java:327)
	at org.testng.SuiteRunner.run(SuiteRunner.java:286)
	at org.testng.SuiteRunnerWorker.runSuite(SuiteRunnerWorker.java:53)
	at org.testng.SuiteRunnerWorker.run(SuiteRunnerWorker.java:96)
	at org.testng.TestNG.runSuitesSequentially(TestNG.java:1218)
	at org.testng.TestNG.runSuitesLocally(TestNG.java:1140)
	at org.testng.TestNG.runSuites(TestNG.java:1069)
	at org.testng.TestNG.run(TestNG.java:1037)
	at org.testng.remote.AbstractRemoteTestNG.run(AbstractRemoteTestNG.java:115)
	at org.testng.remote.RemoteTestNG.initAndRun(RemoteTestNG.java:251)
	at org.testng.remote.RemoteTestNG.main(RemoteTestNG.java:77)
2021-07-20 10:45:27,370 DEBUG [main] PlatformDependent0:314 - java.nio.Bits.unaligned: available, true
2021-07-20 10:45:27,371 DEBUG [main] PlatformDependent0:373 - jdk.internal.misc.Unsafe.allocateUninitializedArray(int): unavailable
java.lang.IllegalAccessException: class io.netty.util.internal.PlatformDependent0$6 cannot access class jdk.internal.misc.Unsafe (in module java.base) because module java.base does not export jdk.internal.misc to unnamed module @2fa7ae9
	at java.base/jdk.internal.reflect.Reflection.newIllegalAccessException(Reflection.java:385)
	at java.base/java.lang.reflect.AccessibleObject.checkAccess(AccessibleObject.java:693)
	at java.base/java.lang.reflect.Method.invoke(Method.java:556)
	at io.netty.util.internal.PlatformDependent0$6.run(PlatformDependent0.java:335)
	at java.base/java.security.AccessController.doPrivileged(AccessController.java:312)
	at io.netty.util.internal.PlatformDependent0.<clinit>(PlatformDependent0.java:326)
	at io.netty.util.internal.PlatformDependent.isAndroid(PlatformDependent.java:289)
	at io.netty.util.internal.PlatformDependent.<clinit>(PlatformDependent.java:92)
	at io.netty.util.HashedWheelTimer.<init>(HashedWheelTimer.java:109)
	at io.netty.util.HashedWheelTimer.<init>(HashedWheelTimer.java:218)
	at io.netty.util.HashedWheelTimer.<init>(HashedWheelTimer.java:197)
	at io.netty.util.HashedWheelTimer.<init>(HashedWheelTimer.java:179)
	at io.netty.util.HashedWheelTimer.<init>(HashedWheelTimer.java:163)
	at org.asynchttpclient.DefaultAsyncHttpClient.newNettyTimer(DefaultAsyncHttpClient.java:97)
	at org.asynchttpclient.DefaultAsyncHttpClient.<init>(DefaultAsyncHttpClient.java:87)
	at org.asynchttpclient.DefaultAsyncHttpClient.<init>(DefaultAsyncHttpClient.java:71)
	at org.asynchttpclient.Dsl.asyncHttpClient(Dsl.java:28)
	at org.openqa.selenium.remote.http.netty.NettyClient.<clinit>(NettyClient.java:35)
	at org.openqa.selenium.remote.http.netty.NettyClient$Factory.createClient(NettyClient.java:76)
	at org.openqa.selenium.remote.http.HttpClient$Factory.createClient(HttpClient.java:71)
	at org.openqa.selenium.remote.HttpCommandExecutor.<init>(HttpCommandExecutor.java:90)
	at org.openqa.selenium.remote.HttpCommandExecutor.<init>(HttpCommandExecutor.java:73)
	at org.openqa.selenium.remote.service.DriverCommandExecutor.<init>(DriverCommandExecutor.java:63)
	at org.openqa.selenium.chromium.ChromiumDriverCommandExecutor.<init>(ChromiumDriverCommandExecutor.java:66)
	at org.openqa.selenium.chrome.ChromeDriver.<init>(ChromeDriver.java:163)
	at org.openqa.selenium.chrome.ChromeDriver.<init>(ChromeDriver.java:150)
	at org.openqa.selenium.chrome.ChromeDriver.<init>(ChromeDriver.java:105)
	at com.selenium.actions.GeneralSeleniumActions.launchBrowser(GeneralSeleniumActions.java:57)
	at com.operacloud.selenium.actions.extensions.OperaCloudSeleniumActions.startReport(OperaCloudSeleniumActions.java:47)
	at java.base/jdk.internal.reflect.NativeMethodAccessorImpl.invoke0(Native Method)
	at java.base/jdk.internal.reflect.NativeMethodAccessorImpl.invoke(NativeMethodAccessorImpl.java:64)
	at java.base/jdk.internal.reflect.DelegatingMethodAccessorImpl.invoke(DelegatingMethodAccessorImpl.java:43)
	at java.base/java.lang.reflect.Method.invoke(Method.java:564)
	at org.testng.internal.MethodInvocationHelper.invokeMethod(MethodInvocationHelper.java:132)
	at org.testng.internal.MethodInvocationHelper.invokeMethodConsideringTimeout(MethodInvocationHelper.java:61)
	at org.testng.internal.ConfigInvoker.invokeConfigurationMethod(ConfigInvoker.java:366)
	at org.testng.internal.ConfigInvoker.invokeConfigurations(ConfigInvoker.java:320)
	at org.testng.SuiteRunner.privateRun(SuiteRunner.java:327)
	at org.testng.SuiteRunner.run(SuiteRunner.java:286)
	at org.testng.SuiteRunnerWorker.runSuite(SuiteRunnerWorker.java:53)
	at org.testng.SuiteRunnerWorker.run(SuiteRunnerWorker.java:96)
	at org.testng.TestNG.runSuitesSequentially(TestNG.java:1218)
	at org.testng.TestNG.runSuitesLocally(TestNG.java:1140)
	at org.testng.TestNG.runSuites(TestNG.java:1069)
	at org.testng.TestNG.run(TestNG.java:1037)
	at org.testng.remote.AbstractRemoteTestNG.run(AbstractRemoteTestNG.java:115)
	at org.testng.remote.RemoteTestNG.initAndRun(RemoteTestNG.java:251)
	at org.testng.remote.RemoteTestNG.main(RemoteTestNG.java:77)
2021-07-20 10:45:27,372 DEBUG [main] PlatformDependent0:386 - java.nio.DirectByteBuffer.<init>(long, int): unavailable
2021-07-20 10:45:27,372 DEBUG [main] PlatformDependent:1046 - sun.misc.Unsafe: available
2021-07-20 10:45:27,396 DEBUG [main] PlatformDependent:1146 - maxDirectMemory: 4229955584 bytes (maybe)
2021-07-20 10:45:27,398 DEBUG [main] PlatformDependent:1165 - -Dio.netty.tmpdir: C:\Users\BSRUTHI\AppData\Local\Temp (java.io.tmpdir)
2021-07-20 10:45:27,398 DEBUG [main] PlatformDependent:1244 - -Dio.netty.bitMode: 64 (sun.arch.data.model)
2021-07-20 10:45:27,399 DEBUG [main] PlatformDependent:177 - -Dio.netty.maxDirectMemory: -1 bytes
2021-07-20 10:45:27,399 DEBUG [main] PlatformDependent:184 - -Dio.netty.uninitializedArrayAllocationThreshold: -1
2021-07-20 10:45:27,400 DEBUG [main] CleanerJava9:71 - java.nio.ByteBuffer.cleaner(): available
2021-07-20 10:45:27,400 DEBUG [main] PlatformDependent:204 - -Dio.netty.noPreferDirect: false
2021-07-20 10:45:27,411 DEBUG [main] PlatformDependent:907 - org.jctools-core.MpscChunkedArrayQueue: available
2021-07-20 10:45:27,466 DEBUG [main] JdkSslContext:96 - Default protocols (JDK): [TLSv1.2, TLSv1.1, TLSv1] 
2021-07-20 10:45:27,467 DEBUG [main] JdkSslContext:97 - Default cipher suites (JDK): [TLS_ECDHE_ECDSA_WITH_AES_256_GCM_SHA384, TLS_ECDHE_ECDSA_WITH_AES_128_GCM_SHA256, TLS_ECDHE_RSA_WITH_AES_128_GCM_SHA256, TLS_ECDHE_RSA_WITH_AES_256_GCM_SHA384, TLS_ECDHE_RSA_WITH_AES_128_CBC_SHA, TLS_ECDHE_RSA_WITH_AES_256_CBC_SHA, TLS_RSA_WITH_AES_128_GCM_SHA256, TLS_RSA_WITH_AES_128_CBC_SHA, TLS_RSA_WITH_AES_256_CBC_SHA, TLS_AES_128_GCM_SHA256, TLS_AES_256_GCM_SHA384]
2021-07-20 10:45:27,490 DEBUG [main] InternalThreadLocalMap:56 - -Dio.netty.threadLocalMap.stringBuilder.initialSize: 1024
2021-07-20 10:45:27,491 DEBUG [main] InternalThreadLocalMap:59 - -Dio.netty.threadLocalMap.stringBuilder.maxSize: 4096
2021-07-20 10:45:27,499 DEBUG [main] MultithreadEventLoopGroup:44 - -Dio.netty.eventLoopThreads: 16
2021-07-20 10:45:27,512 DEBUG [main] NioEventLoop:106 - -Dio.netty.noKeySetOptimization: false
2021-07-20 10:45:27,513 DEBUG [main] NioEventLoop:107 - -Dio.netty.selectorAutoRebuildThreshold: 512
2021-07-20 10:45:27,579 DEBUG [main] PooledByteBufAllocator:156 - -Dio.netty.allocator.numHeapArenas: 16
2021-07-20 10:45:27,579 DEBUG [main] PooledByteBufAllocator:157 - -Dio.netty.allocator.numDirectArenas: 16
2021-07-20 10:45:27,580 DEBUG [main] PooledByteBufAllocator:159 - -Dio.netty.allocator.pageSize: 8192
2021-07-20 10:45:27,580 DEBUG [main] PooledByteBufAllocator:164 - -Dio.netty.allocator.maxOrder: 11
2021-07-20 10:45:27,580 DEBUG [main] PooledByteBufAllocator:168 - -Dio.netty.allocator.chunkSize: 16777216
2021-07-20 10:45:27,580 DEBUG [main] PooledByteBufAllocator:169 - -Dio.netty.allocator.tinyCacheSize: 512
2021-07-20 10:45:27,580 DEBUG [main] PooledByteBufAllocator:170 - -Dio.netty.allocator.smallCacheSize: 256
2021-07-20 10:45:27,580 DEBUG [main] PooledByteBufAllocator:171 - -Dio.netty.allocator.normalCacheSize: 64
2021-07-20 10:45:27,580 DEBUG [main] PooledByteBufAllocator:172 - -Dio.netty.allocator.maxCachedBufferCapacity: 32768
2021-07-20 10:45:27,580 DEBUG [main] PooledByteBufAllocator:173 - -Dio.netty.allocator.cacheTrimInterval: 8192
2021-07-20 10:45:27,581 DEBUG [main] PooledByteBufAllocator:174 - -Dio.netty.allocator.cacheTrimIntervalMillis: 0
2021-07-20 10:45:27,581 DEBUG [main] PooledByteBufAllocator:175 - -Dio.netty.allocator.useCacheForAllThreads: true
2021-07-20 10:45:27,581 DEBUG [main] PooledByteBufAllocator:176 - -Dio.netty.allocator.maxCachedByteBuffersPerChunk: 1023
2021-07-20 10:45:27,592 DEBUG [main] ByteBufUtil:86 - -Dio.netty.allocator.type: pooled
2021-07-20 10:45:27,593 DEBUG [main] ByteBufUtil:95 - -Dio.netty.threadLocalDirectBufferSize: 0
2021-07-20 10:45:27,593 DEBUG [main] ByteBufUtil:98 - -Dio.netty.maxThreadLocalCharBufferSize: 16384
2021-07-20 10:45:28,485 DEBUG [Forwarding newSession on session null to remote] DefaultChannelId:79 - -Dio.netty.processId: 29248 (auto-detected)
2021-07-20 10:45:28,488 DEBUG [Forwarding newSession on session null to remote] NetUtil:139 - -Djava.net.preferIPv4Stack: false
2021-07-20 10:45:28,488 DEBUG [Forwarding newSession on session null to remote] NetUtil:140 - -Djava.net.preferIPv6Addresses: false
2021-07-20 10:45:28,515 DEBUG [Forwarding newSession on session null to remote] NetUtil:224 - Loopback interface: lo (Software Loopback Interface 1, 127.0.0.1)
2021-07-20 10:45:28,515 DEBUG [Forwarding newSession on session null to remote] NetUtil:289 - Failed to get SOMAXCONN from sysctl and file \proc\sys\net\core\somaxconn. Default: 200
2021-07-20 10:45:28,634 DEBUG [Forwarding newSession on session null to remote] DefaultChannelId:101 - -Dio.netty.machineId: 00:05:9a:ff:fe:3c:7a:00 (auto-detected)
2021-07-20 10:45:28,704 DEBUG [AsyncHttpClient-3-1] AbstractByteBuf:63 - -Dio.netty.buffer.checkAccessible: true
2021-07-20 10:45:28,704 DEBUG [AsyncHttpClient-3-1] AbstractByteBuf:64 - -Dio.netty.buffer.checkBounds: true
2021-07-20 10:45:28,704 DEBUG [AsyncHttpClient-3-1] ResourceLeakDetectorFactory:195 - Loaded default ResourceLeakDetector: io.netty.util.ResourceLeakDetector@319994d4
2021-07-20 10:45:28,729 DEBUG [AsyncHttpClient-3-1] Recycler:97 - -Dio.netty.recycler.maxCapacityPerThread: 4096
2021-07-20 10:45:28,729 DEBUG [AsyncHttpClient-3-1] Recycler:98 - -Dio.netty.recycler.maxSharedCapacityFactor: 2
2021-07-20 10:45:28,729 DEBUG [AsyncHttpClient-3-1] Recycler:99 - -Dio.netty.recycler.linkCapacity: 16
2021-07-20 10:45:28,729 DEBUG [AsyncHttpClient-3-1] Recycler:100 - -Dio.netty.recycler.ratio: 8
2021-07-20 10:45:30,135 DEBUG [main] ThreadLocalRandom:212 - -Dio.netty.initialSeedUniquifier: 0x803ee9a757efc1b8
2021-07-20 10:48:31,317 DEBUG [main] cache:45 - Couldn't find template in cache for "index.ftl"("en", UTF-8, parsed); will try to load it.
2021-07-20 10:48:31,318 DEBUG [main] cache:45 - TemplateLoader.findTemplateSource("index_en.ftl"): Not found
2021-07-20 10:48:31,320 DEBUG [main] cache:45 - TemplateLoader.findTemplateSource("index.ftl"): Found
2021-07-20 10:48:31,321 DEBUG [main] cache:45 - Loading template for "index.ftl"("en", UTF-8, parsed) from "jar:file:/C:/Users/BSRUTHI/.m2/repository/com/aventstack/extentreports/3.1.5/extentreports-3.1.5.jar!/com/aventstack/extentreports/view/html-report/index.ftl"
2021-07-20 10:48:31,493 DEBUG [main] cache:45 - Couldn't find template in cache for "head.ftl"("en", UTF-8, parsed); will try to load it.
2021-07-20 10:48:31,493 DEBUG [main] cache:45 - TemplateLoader.findTemplateSource("head_en.ftl"): Not found
2021-07-20 10:48:31,494 DEBUG [main] cache:45 - TemplateLoader.findTemplateSource("head.ftl"): Found
2021-07-20 10:48:31,494 DEBUG [main] cache:45 - Loading template for "head.ftl"("en", UTF-8, parsed) from "jar:file:/C:/Users/BSRUTHI/.m2/repository/com/aventstack/extentreports/3.1.5/extentreports-3.1.5.jar!/com/aventstack/extentreports/view/html-report/head.ftl"
2021-07-20 10:48:31,497 DEBUG [main] cache:45 - Couldn't find template in cache for "nav.ftl"("en", UTF-8, parsed); will try to load it.
2021-07-20 10:48:31,497 DEBUG [main] cache:45 - TemplateLoader.findTemplateSource("nav_en.ftl"): Not found
2021-07-20 10:48:31,498 DEBUG [main] cache:45 - TemplateLoader.findTemplateSource("nav.ftl"): Found
2021-07-20 10:48:31,498 DEBUG [main] cache:45 - Loading template for "nav.ftl"("en", UTF-8, parsed) from "jar:file:/C:/Users/BSRUTHI/.m2/repository/com/aventstack/extentreports/3.1.5/extentreports-3.1.5.jar!/com/aventstack/extentreports/view/html-report/nav.ftl"
2021-07-20 10:48:31,506 DEBUG [main] cache:45 - Couldn't find template in cache for "test-view/test-view.ftl"("en", UTF-8, parsed); will try to load it.
2021-07-20 10:48:31,507 DEBUG [main] cache:45 - TemplateLoader.findTemplateSource("test-view/test-view_en.ftl"): Not found
2021-07-20 10:48:31,508 DEBUG [main] cache:45 - TemplateLoader.findTemplateSource("test-view/test-view.ftl"): Found
2021-07-20 10:48:31,508 DEBUG [main] cache:45 - Loading template for "test-view/test-view.ftl"("en", UTF-8, parsed) from "jar:file:/C:/Users/BSRUTHI/.m2/repository/com/aventstack/extentreports/3.1.5/extentreports-3.1.5.jar!/com/aventstack/extentreports/view/html-report/test-view/test-view.ftl"
2021-07-20 10:48:31,515 DEBUG [main] cache:45 - Couldn't find template in cache for "test-view/test-view-charts.ftl"("en", UTF-8, parsed); will try to load it.
2021-07-20 10:48:31,515 DEBUG [main] cache:45 - TemplateLoader.findTemplateSource("test-view/test-view-charts_en.ftl"): Not found
2021-07-20 10:48:31,516 DEBUG [main] cache:45 - TemplateLoader.findTemplateSource("test-view/test-view-charts.ftl"): Found
2021-07-20 10:48:31,516 DEBUG [main] cache:45 - Loading template for "test-view/test-view-charts.ftl"("en", UTF-8, parsed) from "jar:file:/C:/Users/BSRUTHI/.m2/repository/com/aventstack/extentreports/3.1.5/extentreports-3.1.5.jar!/com/aventstack/extentreports/view/html-report/test-view/test-view-charts.ftl"
2021-07-20 10:48:31,528 DEBUG [main] cache:45 - Couldn't find template in cache for "test-view/standard.ftl"("en", UTF-8, parsed); will try to load it.
2021-07-20 10:48:31,529 DEBUG [main] cache:45 - TemplateLoader.findTemplateSource("test-view/standard_en.ftl"): Not found
2021-07-20 10:48:31,529 DEBUG [main] cache:45 - TemplateLoader.findTemplateSource("test-view/standard.ftl"): Found
2021-07-20 10:48:31,529 DEBUG [main] cache:45 - Loading template for "test-view/standard.ftl"("en", UTF-8, parsed) from "jar:file:/C:/Users/BSRUTHI/.m2/repository/com/aventstack/extentreports/3.1.5/extentreports-3.1.5.jar!/com/aventstack/extentreports/view/html-report/test-view/standard.ftl"
2021-07-20 10:48:31,539 DEBUG [main] cache:45 - "test-view/standard.ftl"("en", UTF-8, parsed) cached copy not yet stale; using cached.
2021-07-20 10:48:31,550 DEBUG [main] cache:45 - Couldn't find template in cache for "category-view/category-view.ftl"("en", UTF-8, parsed); will try to load it.
2021-07-20 10:48:31,551 DEBUG [main] cache:45 - TemplateLoader.findTemplateSource("category-view/category-view_en.ftl"): Not found
2021-07-20 10:48:31,551 DEBUG [main] cache:45 - TemplateLoader.findTemplateSource("category-view/category-view.ftl"): Found
2021-07-20 10:48:31,552 DEBUG [main] cache:45 - Loading template for "category-view/category-view.ftl"("en", UTF-8, parsed) from "jar:file:/C:/Users/BSRUTHI/.m2/repository/com/aventstack/extentreports/3.1.5/extentreports-3.1.5.jar!/com/aventstack/extentreports/view/html-report/category-view/category-view.ftl"
2021-07-20 10:48:31,556 DEBUG [main] cache:45 - Couldn't find template in cache for "author-view/author-view.ftl"("en", UTF-8, parsed); will try to load it.
2021-07-20 10:48:31,557 DEBUG [main] cache:45 - TemplateLoader.findTemplateSource("author-view/author-view_en.ftl"): Not found
2021-07-20 10:48:31,558 DEBUG [main] cache:45 - TemplateLoader.findTemplateSource("author-view/author-view.ftl"): Found
2021-07-20 10:48:31,558 DEBUG [main] cache:45 - Loading template for "author-view/author-view.ftl"("en", UTF-8, parsed) from "jar:file:/C:/Users/BSRUTHI/.m2/repository/com/aventstack/extentreports/3.1.5/extentreports-3.1.5.jar!/com/aventstack/extentreports/view/html-report/author-view/author-view.ftl"
2021-07-20 10:48:31,562 DEBUG [main] cache:45 - Couldn't find template in cache for "exception-view/exception-view.ftl"("en", UTF-8, parsed); will try to load it.
2021-07-20 10:48:31,563 DEBUG [main] cache:45 - TemplateLoader.findTemplateSource("exception-view/exception-view_en.ftl"): Not found
2021-07-20 10:48:31,564 DEBUG [main] cache:45 - TemplateLoader.findTemplateSource("exception-view/exception-view.ftl"): Found
2021-07-20 10:48:31,564 DEBUG [main] cache:45 - Loading template for "exception-view/exception-view.ftl"("en", UTF-8, parsed) from "jar:file:/C:/Users/BSRUTHI/.m2/repository/com/aventstack/extentreports/3.1.5/extentreports-3.1.5.jar!/com/aventstack/extentreports/view/html-report/exception-view/exception-view.ftl"
2021-07-20 10:48:31,568 DEBUG [main] cache:45 - Couldn't find template in cache for "dashboard-view/dashboard-view.ftl"("en", UTF-8, parsed); will try to load it.
2021-07-20 10:48:31,569 DEBUG [main] cache:45 - TemplateLoader.findTemplateSource("dashboard-view/dashboard-view_en.ftl"): Not found
2021-07-20 10:48:31,570 DEBUG [main] cache:45 - TemplateLoader.findTemplateSource("dashboard-view/dashboard-view.ftl"): Found
2021-07-20 10:48:31,570 DEBUG [main] cache:45 - Loading template for "dashboard-view/dashboard-view.ftl"("en", UTF-8, parsed) from "jar:file:/C:/Users/BSRUTHI/.m2/repository/com/aventstack/extentreports/3.1.5/extentreports-3.1.5.jar!/com/aventstack/extentreports/view/html-report/dashboard-view/dashboard-view.ftl"
2021-07-20 10:48:31,575 DEBUG [main] cache:45 - Couldn't find template in cache for "logs-view/testrunner-logs-view.ftl"("en", UTF-8, parsed); will try to load it.
2021-07-20 10:48:31,576 DEBUG [main] cache:45 - TemplateLoader.findTemplateSource("logs-view/testrunner-logs-view_en.ftl"): Not found
2021-07-20 10:48:31,577 DEBUG [main] cache:45 - TemplateLoader.findTemplateSource("logs-view/testrunner-logs-view.ftl"): Found
2021-07-20 10:48:31,577 DEBUG [main] cache:45 - Loading template for "logs-view/testrunner-logs-view.ftl"("en", UTF-8, parsed) from "jar:file:/C:/Users/BSRUTHI/.m2/repository/com/aventstack/extentreports/3.1.5/extentreports-3.1.5.jar!/com/aventstack/extentreports/view/html-report/logs-view/testrunner-logs-view.ftl"
